<?xml version="1.0" encoding="UTF-8"?>
<!-- Generated by org.testng.reporters.JUnitReportReporter -->
<testsuite hostname="DESKTOP-KFO1UG6" name="com.inetbanking.testcases.LogoutTest" tests="2" failures="0" timestamp="7 May 2021 12:14:29 GMT" time="36.943" errors="0">
  <testcase name="logoutTest" time="15.100" classname="com.inetbanking.testcases.LogoutTest"/>
  <testcase name="logoutTest" time="21.843" classname="com.inetbanking.testcases.LogoutTest"/>
</testsuite> <!-- com.inetbanking.testcases.LogoutTest -->
