<?xml version="1.0" encoding="UTF-8"?>
<!-- Generated by org.testng.reporters.JUnitReportReporter -->
<testsuite skipped="0" hostname="DESKTOP-KFO1UG6" name="com.inetbanking.testcases.LoginTest" tests="1" failures="0" timestamp="05 May 2021 07:26:26 GMT" time="8.607" errors="0">
  <testcase name="loginTest" time="8.607" classname="com.inetbanking.testcases.LoginTest"/>
</testsuite> <!-- com.inetbanking.testcases.LoginTest -->
